

Started GET "/assets/rails.png" for 127.0.0.1 at Sat Aug 04 19:05:18 -0300 2012
Connecting to database specified by database.yml
Served asset /rails.png - 200 OK (9ms)


Started GET "/rails/info/properties" for 127.0.0.1 at Sat Aug 04 19:10:30 -0300 2012
Processing by Rails::InfoController#properties as */*
  Rendered inline template (1.5ms)
Completed 200 OK in 19ms (Views: 18.0ms | ActiveRecord: 0.0ms)
Connecting to database specified by database.yml
Connecting to database specified by database.yml
Connecting to database specified by database.yml
Connecting to database specified by database.yml


Started GET "/assets/rails.png" for 127.0.0.1 at Fri Aug 10 21:13:20 -0300 2012
Served asset /rails.png - 200 OK (7ms)


Started GET "/users/sign_up" for 127.0.0.1 at Fri Aug 10 21:13:35 -0300 2012

ActionController::RoutingError (No route matches [GET] "/users/sign_up"):
  actionpack (3.2.7) lib/action_dispatch/middleware/debug_exceptions.rb:21:in `call'
  actionpack (3.2.7) lib/action_dispatch/middleware/show_exceptions.rb:56:in `call'
  railties (3.2.7) lib/rails/rack/logger.rb:26:in `call_app'
  railties (3.2.7) lib/rails/rack/logger.rb:16:in `call'
  actionpack (3.2.7) lib/action_dispatch/middleware/request_id.rb:22:in `call'
  rack (1.4.1) lib/rack/methodoverride.rb:21:in `call'
  rack (1.4.1) lib/rack/runtime.rb:17:in `call'
  activesupport (3.2.7) lib/active_support/cache/strategy/local_cache.rb:72:in `call'
  rack (1.4.1) lib/rack/lock.rb:15:in `call'
  actionpack (3.2.7) lib/action_dispatch/middleware/static.rb:62:in `call'
  railties (3.2.7) lib/rails/engine.rb:479:in `call'
  railties (3.2.7) lib/rails/application.rb:220:in `call'
  rack (1.4.1) lib/rack/content_length.rb:14:in `call'
  railties (3.2.7) lib/rails/rack/log_tailer.rb:17:in `call'
  rack (1.4.1) lib/rack/handler/webrick.rb:59:in `service'
  /usr/lib/ruby/1.8/webrick/httpserver.rb:104:in `service'
  /usr/lib/ruby/1.8/webrick/httpserver.rb:65:in `run'
  /usr/lib/ruby/1.8/webrick/server.rb:173:in `start_thread'
  /usr/lib/ruby/1.8/webrick/server.rb:162:in `start'
  /usr/lib/ruby/1.8/webrick/server.rb:162:in `start_thread'
  /usr/lib/ruby/1.8/webrick/server.rb:95:in `start'
  /usr/lib/ruby/1.8/webrick/server.rb:92:in `each'
  /usr/lib/ruby/1.8/webrick/server.rb:92:in `start'
  /usr/lib/ruby/1.8/webrick/server.rb:23:in `start'
  /usr/lib/ruby/1.8/webrick/server.rb:82:in `start'
  rack (1.4.1) lib/rack/handler/webrick.rb:13:in `run'
  rack (1.4.1) lib/rack/server.rb:265:in `start'
  railties (3.2.7) lib/rails/commands/server.rb:70:in `start'
  railties (3.2.7) lib/rails/commands.rb:55
  railties (3.2.7) lib/rails/commands.rb:50:in `tap'
  railties (3.2.7) lib/rails/commands.rb:50
  script/rails:6:in `require'
  script/rails:6


  Rendered /var/lib/gems/1.8/gems/actionpack-3.2.7/lib/action_dispatch/middleware/templates/rescues/routing_error.erb within rescues/layout (11.7ms)
Connecting to database specified by database.yml
Connecting to database specified by database.yml


Started GET "/users/sign_up" for 127.0.0.1 at Fri Aug 10 21:14:41 -0300 2012
Processing by Devise::RegistrationsController#new as HTML
Completed 500 Internal Server Error in 92ms

ActiveRecord::StatementInvalid (Could not find table 'users'):
  activerecord (3.2.7) lib/active_record/connection_adapters/sqlite_adapter.rb:472:in `table_structure'
  activerecord (3.2.7) lib/active_record/connection_adapters/sqlite_adapter.rb:346:in `columns'
  activerecord (3.2.7) lib/active_record/connection_adapters/schema_cache.rb:12:in `initialize'
  activerecord (3.2.7) lib/active_record/model_schema.rb:228:in `call'
  activerecord (3.2.7) lib/active_record/model_schema.rb:228:in `default'
  activerecord (3.2.7) lib/active_record/model_schema.rb:228:in `[]'
  activerecord (3.2.7) lib/active_record/model_schema.rb:228:in `columns'
  activerecord (3.2.7) lib/active_record/model_schema.rb:243:in `column_defaults'
  activerecord (3.2.7) lib/active_record/base.rb:482:in `initialize'
  devise (2.1.2) lib/devise/models/registerable.rb:20:in `new'
  devise (2.1.2) lib/devise/models/registerable.rb:20:in `new_with_session'
  devise (2.1.2) app/controllers/devise/registrations_controller.rb:81:in `build_resource'
  devise (2.1.2) app/controllers/devise/registrations_controller.rb:7:in `new'
  actionpack (3.2.7) lib/action_controller/metal/implicit_render.rb:4:in `send_action'
  actionpack (3.2.7) lib/action_controller/metal/implicit_render.rb:4:in `send_action'
  actionpack (3.2.7) lib/abstract_controller/base.rb:167:in `process_action'
  actionpack (3.2.7) lib/action_controller/metal/rendering.rb:10:in `process_action'
  actionpack (3.2.7) lib/abstract_controller/callbacks.rb:18:in `process_action'
  activesupport (3.2.7) lib/active_support/callbacks.rb:436:in `_run__382260495__process_action__981722084__callbacks'
  activesupport (3.2.7) lib/active_support/callbacks.rb:405:in `send'
  activesupport (3.2.7) lib/active_support/callbacks.rb:405:in `__run_callback'
  activesupport (3.2.7) lib/active_support/callbacks.rb:385:in `_run_process_action_callbacks'
  activesupport (3.2.7) lib/active_support/callbacks.rb:81:in `send'
  activesupport (3.2.7) lib/active_support/callbacks.rb:81:in `run_callbacks'
  actionpack (3.2.7) lib/abstract_controller/callbacks.rb:17:in `process_action'
  actionpack (3.2.7) lib/action_controller/metal/rescue.rb:29:in `process_action'
  actionpack (3.2.7) lib/action_controller/metal/instrumentation.rb:30:in `process_action'
  activesupport (3.2.7) lib/active_support/notifications.rb:123:in `instrument'
  activesupport (3.2.7) lib/active_support/notifications/instrumenter.rb:20:in `instrument'
  activesupport (3.2.7) lib/active_support/notifications.rb:123:in `instrument'
  actionpack (3.2.7) lib/action_controller/metal/instrumentation.rb:29:in `process_action'
  actionpack (3.2.7) lib/action_controller/metal/params_wrapper.rb:207:in `process_action'
  activerecord (3.2.7) lib/active_record/railties/controller_runtime.rb:18:in `process_action'
  actionpack (3.2.7) lib/abstract_controller/base.rb:121:in `process'
  actionpack (3.2.7) lib/abstract_controller/rendering.rb:45:in `process'
  actionpack (3.2.7) lib/action_controller/metal.rb:203:in `dispatch'
  actionpack (3.2.7) lib/action_controller/metal/rack_delegation.rb:14:in `dispatch'
  actionpack (3.2.7) lib/action_controller/metal.rb:246:in `action'
  actionpack (3.2.7) lib/action_dispatch/routing/route_set.rb:73:in `call'
  actionpack (3.2.7) lib/action_dispatch/routing/route_set.rb:73:in `dispatch'
  actionpack (3.2.7) lib/action_dispatch/routing/route_set.rb:36:in `call'
  actionpack (3.2.7) lib/action_dispatch/routing/mapper.rb:42:in `call'
  journey (1.0.4) lib/journey/router.rb:68:in `call'
  journey (1.0.4) lib/journey/router.rb:56:in `each'
  journey (1.0.4) lib/journey/router.rb:56:in `call'
  actionpack (3.2.7) lib/action_dispatch/routing/route_set.rb:600:in `call'
  warden (1.2.1) lib/warden/manager.rb:35:in `call'
  warden (1.2.1) lib/warden/manager.rb:34:in `catch'
  warden (1.2.1) lib/warden/manager.rb:34:in `call'
  actionpack (3.2.7) lib/action_dispatch/middleware/best_standards_support.rb:17:in `call'
  rack (1.4.1) lib/rack/etag.rb:23:in `call'
  rack (1.4.1) lib/rack/conditionalget.rb:25:in `call'
  actionpack (3.2.7) lib/action_dispatch/middleware/head.rb:14:in `call'
  actionpack (3.2.7) lib/action_dispatch/middleware/params_parser.rb:21:in `call'
  actionpack (3.2.7) lib/action_dispatch/middleware/flash.rb:242:in `call'
  rack (1.4.1) lib/rack/session/abstract/id.rb:205:in `context'
  rack (1.4.1) lib/rack/session/abstract/id.rb:200:in `call'
  actionpack (3.2.7) lib/action_dispatch/middleware/cookies.rb:338:in `call'
  activerecord (3.2.7) lib/active_record/query_cache.rb:64:in `call'
  activerecord (3.2.7) lib/active_record/connection_adapters/abstract/connection_pool.rb:473:in `call'
  actionpack (3.2.7) lib/action_dispatch/middleware/callbacks.rb:28:in `call'
  activesupport (3.2.7) lib/active_support/callbacks.rb:405:in `_run__1021012296__call__4__callbacks'
  activesupport (3.2.7) lib/active_support/callbacks.rb:405:in `send'
  activesupport (3.2.7) lib/active_support/callbacks.rb:405:in `__run_callback'
  activesupport (3.2.7) lib/active_support/callbacks.rb:385:in `_run_call_callbacks'
  activesupport (3.2.7) lib/active_support/callbacks.rb:81:in `send'
  activesupport (3.2.7) lib/active_support/callbacks.rb:81:in `run_callbacks'
  actionpack (3.2.7) lib/action_dispatch/middleware/callbacks.rb:27:in `call'
  actionpack (3.2.7) lib/action_dispatch/middleware/reloader.rb:65:in `call'
  actionpack (3.2.7) lib/action_dispatch/middleware/remote_ip.rb:31:in `call'
  actionpack (3.2.7) lib/action_dispatch/middleware/debug_exceptions.rb:16:in `call'
  actionpack (3.2.7) lib/action_dispatch/middleware/show_exceptions.rb:56:in `call'
  railties (3.2.7) lib/rails/rack/logger.rb:26:in `call_app'
  railties (3.2.7) lib/rails/rack/logger.rb:16:in `call'
  actionpack (3.2.7) lib/action_dispatch/middleware/request_id.rb:22:in `call'
  rack (1.4.1) lib/rack/methodoverride.rb:21:in `call'
  rack (1.4.1) lib/rack/runtime.rb:17:in `call'
  activesupport (3.2.7) lib/active_support/cache/strategy/local_cache.rb:72:in `call'
  rack (1.4.1) lib/rack/lock.rb:15:in `call'
  actionpack (3.2.7) lib/action_dispatch/middleware/static.rb:62:in `call'
  railties (3.2.7) lib/rails/engine.rb:479:in `call'
  railties (3.2.7) lib/rails/application.rb:220:in `call'
  rack (1.4.1) lib/rack/content_length.rb:14:in `call'
  railties (3.2.7) lib/rails/rack/log_tailer.rb:17:in `call'
  rack (1.4.1) lib/rack/handler/webrick.rb:59:in `service'
  /usr/lib/ruby/1.8/webrick/httpserver.rb:104:in `service'
  /usr/lib/ruby/1.8/webrick/httpserver.rb:65:in `run'
  /usr/lib/ruby/1.8/webrick/server.rb:173:in `start_thread'
  /usr/lib/ruby/1.8/webrick/server.rb:162:in `start'
  /usr/lib/ruby/1.8/webrick/server.rb:162:in `start_thread'
  /usr/lib/ruby/1.8/webrick/server.rb:95:in `start'
  /usr/lib/ruby/1.8/webrick/server.rb:92:in `each'
  /usr/lib/ruby/1.8/webrick/server.rb:92:in `start'
  /usr/lib/ruby/1.8/webrick/server.rb:23:in `start'
  /usr/lib/ruby/1.8/webrick/server.rb:82:in `start'
  rack (1.4.1) lib/rack/handler/webrick.rb:13:in `run'
  rack (1.4.1) lib/rack/server.rb:265:in `start'
  railties (3.2.7) lib/rails/commands/server.rb:70:in `start'
  railties (3.2.7) lib/rails/commands.rb:55
  railties (3.2.7) lib/rails/commands.rb:50:in `tap'
  railties (3.2.7) lib/rails/commands.rb:50
  script/rails:6:in `require'
  script/rails:6


  Rendered /var/lib/gems/1.8/gems/actionpack-3.2.7/lib/action_dispatch/middleware/templates/rescues/_trace.erb (1.2ms)
  Rendered /var/lib/gems/1.8/gems/actionpack-3.2.7/lib/action_dispatch/middleware/templates/rescues/_request_and_response.erb (0.9ms)
  Rendered /var/lib/gems/1.8/gems/actionpack-3.2.7/lib/action_dispatch/middleware/templates/rescues/diagnostics.erb within rescues/layout (21.3ms)


Started GET "/users/sign_up" for 127.0.0.1 at Fri Aug 10 21:14:43 -0300 2012
Processing by Devise::RegistrationsController#new as HTML
Completed 500 Internal Server Error in 2ms

ActiveRecord::StatementInvalid (Could not find table 'users'):
  activerecord (3.2.7) lib/active_record/connection_adapters/sqlite_adapter.rb:472:in `table_structure'
  activerecord (3.2.7) lib/active_record/connection_adapters/sqlite_adapter.rb:346:in `columns'
  activerecord (3.2.7) lib/active_record/connection_adapters/schema_cache.rb:12:in `initialize'
  activerecord (3.2.7) lib/active_record/model_schema.rb:228:in `call'
  activerecord (3.2.7) lib/active_record/model_schema.rb:228:in `default'
  activerecord (3.2.7) lib/active_record/model_schema.rb:228:in `[]'
  activerecord (3.2.7) lib/active_record/model_schema.rb:228:in `columns'
  activerecord (3.2.7) lib/active_record/model_schema.rb:243:in `column_defaults'
  activerecord (3.2.7) lib/active_record/base.rb:482:in `initialize'
  devise (2.1.2) lib/devise/models/registerable.rb:20:in `new'
  devise (2.1.2) lib/devise/models/registerable.rb:20:in `new_with_session'
  devise (2.1.2) app/controllers/devise/registrations_controller.rb:81:in `build_resource'
  devise (2.1.2) app/controllers/devise/registrations_controller.rb:7:in `new'
  actionpack (3.2.7) lib/action_controller/metal/implicit_render.rb:4:in `send_action'
  actionpack (3.2.7) lib/action_controller/metal/implicit_render.rb:4:in `send_action'
  actionpack (3.2.7) lib/abstract_controller/base.rb:167:in `process_action'
  actionpack (3.2.7) lib/action_controller/metal/rendering.rb:10:in `process_action'
  actionpack (3.2.7) lib/abstract_controller/callbacks.rb:18:in `process_action'
  activesupport (3.2.7) lib/active_support/callbacks.rb:436:in `_run__382260495__process_action__981722084__callbacks'
  activesupport (3.2.7) lib/active_support/callbacks.rb:405:in `send'
  activesupport (3.2.7) lib/active_support/callbacks.rb:405:in `__run_callback'
  activesupport (3.2.7) lib/active_support/callbacks.rb:385:in `_run_process_action_callbacks'
  activesupport (3.2.7) lib/active_support/callbacks.rb:81:in `send'
  activesupport (3.2.7) lib/active_support/callbacks.rb:81:in `run_callbacks'
  actionpack (3.2.7) lib/abstract_controller/callbacks.rb:17:in `process_action'
  actionpack (3.2.7) lib/action_controller/metal/rescue.rb:29:in `process_action'
  actionpack (3.2.7) lib/action_controller/metal/instrumentation.rb:30:in `process_action'
  activesupport (3.2.7) lib/active_support/notifications.rb:123:in `instrument'
  activesupport (3.2.7) lib/active_support/notifications/instrumenter.rb:20:in `instrument'
  activesupport (3.2.7) lib/active_support/notifications.rb:123:in `instrument'
  actionpack (3.2.7) lib/action_controller/metal/instrumentation.rb:29:in `process_action'
  actionpack (3.2.7) lib/action_controller/metal/params_wrapper.rb:207:in `process_action'
  activerecord (3.2.7) lib/active_record/railties/controller_runtime.rb:18:in `process_action'
  actionpack (3.2.7) lib/abstract_controller/base.rb:121:in `process'
  actionpack (3.2.7) lib/abstract_controller/rendering.rb:45:in `process'
  actionpack (3.2.7) lib/action_controller/metal.rb:203:in `dispatch'
  actionpack (3.2.7) lib/action_controller/metal/rack_delegation.rb:14:in `dispatch'
  actionpack (3.2.7) lib/action_controller/metal.rb:246:in `action'
  actionpack (3.2.7) lib/action_dispatch/routing/route_set.rb:73:in `call'
  actionpack (3.2.7) lib/action_dispatch/routing/route_set.rb:73:in `dispatch'
  actionpack (3.2.7) lib/action_dispatch/routing/route_set.rb:36:in `call'
  actionpack (3.2.7) lib/action_dispatch/routing/mapper.rb:42:in `call'
  journey (1.0.4) lib/journey/router.rb:68:in `call'
  journey (1.0.4) lib/journey/router.rb:56:in `each'
  journey (1.0.4) lib/journey/router.rb:56:in `call'
  actionpack (3.2.7) lib/action_dispatch/routing/route_set.rb:600:in `call'
  warden (1.2.1) lib/warden/manager.rb:35:in `call'
  warden (1.2.1) lib/warden/manager.rb:34:in `catch'
  warden (1.2.1) lib/warden/manager.rb:34:in `call'
  actionpack (3.2.7) lib/action_dispatch/middleware/best_standards_support.rb:17:in `call'
  rack (1.4.1) lib/rack/etag.rb:23:in `call'
  rack (1.4.1) lib/rack/conditionalget.rb:25:in `call'
  actionpack (3.2.7) lib/action_dispatch/middleware/head.rb:14:in `call'
  actionpack (3.2.7) lib/action_dispatch/middleware/params_parser.rb:21:in `call'
  actionpack (3.2.7) lib/action_dispatch/middleware/flash.rb:242:in `call'
  rack (1.4.1) lib/rack/session/abstract/id.rb:205:in `context'
  rack (1.4.1) lib/rack/session/abstract/id.rb:200:in `call'
  actionpack (3.2.7) lib/action_dispatch/middleware/cookies.rb:338:in `call'
  activerecord (3.2.7) lib/active_record/query_cache.rb:64:in `call'
  activerecord (3.2.7) lib/active_record/connection_adapters/abstract/connection_pool.rb:473:in `call'
  actionpack (3.2.7) lib/action_dispatch/middleware/callbacks.rb:28:in `call'
  activesupport (3.2.7) lib/active_support/callbacks.rb:405:in `_run__1021012296__call__4__callbacks'
  activesupport (3.2.7) lib/active_support/callbacks.rb:405:in `send'
  activesupport (3.2.7) lib/active_support/callbacks.rb:405:in `__run_callback'
  activesupport (3.2.7) lib/active_support/callbacks.rb:385:in `_run_call_callbacks'
  activesupport (3.2.7) lib/active_support/callbacks.rb:81:in `send'
  activesupport (3.2.7) lib/active_support/callbacks.rb:81:in `run_callbacks'
  actionpack (3.2.7) lib/action_dispatch/middleware/callbacks.rb:27:in `call'
  actionpack (3.2.7) lib/action_dispatch/middleware/reloader.rb:65:in `call'
  actionpack (3.2.7) lib/action_dispatch/middleware/remote_ip.rb:31:in `call'
  actionpack (3.2.7) lib/action_dispatch/middleware/debug_exceptions.rb:16:in `call'
  actionpack (3.2.7) lib/action_dispatch/middleware/show_exceptions.rb:56:in `call'
  railties (3.2.7) lib/rails/rack/logger.rb:26:in `call_app'
  railties (3.2.7) lib/rails/rack/logger.rb:16:in `call'
  actionpack (3.2.7) lib/action_dispatch/middleware/request_id.rb:22:in `call'
  rack (1.4.1) lib/rack/methodoverride.rb:21:in `call'
  rack (1.4.1) lib/rack/runtime.rb:17:in `call'
  activesupport (3.2.7) lib/active_support/cache/strategy/local_cache.rb:72:in `call'
  rack (1.4.1) lib/rack/lock.rb:15:in `call'
  actionpack (3.2.7) lib/action_dispatch/middleware/static.rb:62:in `call'
  railties (3.2.7) lib/rails/engine.rb:479:in `call'
  railties (3.2.7) lib/rails/application.rb:220:in `call'
  rack (1.4.1) lib/rack/content_length.rb:14:in `call'
  railties (3.2.7) lib/rails/rack/log_tailer.rb:17:in `call'
  rack (1.4.1) lib/rack/handler/webrick.rb:59:in `service'
  /usr/lib/ruby/1.8/webrick/httpserver.rb:104:in `service'
  /usr/lib/ruby/1.8/webrick/httpserver.rb:65:in `run'
  /usr/lib/ruby/1.8/webrick/server.rb:173:in `start_thread'
  /usr/lib/ruby/1.8/webrick/server.rb:162:in `start'
  /usr/lib/ruby/1.8/webrick/server.rb:162:in `start_thread'
  /usr/lib/ruby/1.8/webrick/server.rb:95:in `start'
  /usr/lib/ruby/1.8/webrick/server.rb:92:in `each'
  /usr/lib/ruby/1.8/webrick/server.rb:92:in `start'
  /usr/lib/ruby/1.8/webrick/server.rb:23:in `start'
  /usr/lib/ruby/1.8/webrick/server.rb:82:in `start'
  rack (1.4.1) lib/rack/handler/webrick.rb:13:in `run'
  rack (1.4.1) lib/rack/server.rb:265:in `start'
  railties (3.2.7) lib/rails/commands/server.rb:70:in `start'
  railties (3.2.7) lib/rails/commands.rb:55
  railties (3.2.7) lib/rails/commands.rb:50:in `tap'
  railties (3.2.7) lib/rails/commands.rb:50
  script/rails:6:in `require'
  script/rails:6


  Rendered /var/lib/gems/1.8/gems/actionpack-3.2.7/lib/action_dispatch/middleware/templates/rescues/_trace.erb (1.4ms)
  Rendered /var/lib/gems/1.8/gems/actionpack-3.2.7/lib/action_dispatch/middleware/templates/rescues/_request_and_response.erb (1.2ms)
  Rendered /var/lib/gems/1.8/gems/actionpack-3.2.7/lib/action_dispatch/middleware/templates/rescues/diagnostics.erb within rescues/layout (9.7ms)
Connecting to database specified by database.yml
  [1m[36m (0.1ms)[0m  [1mselect sqlite_version(*)[0m
  [1m[35m (125.2ms)[0m  CREATE TABLE "schema_migrations" ("version" varchar(255) NOT NULL) 
  [1m[36m (0.1ms)[0m  [1mPRAGMA index_list("schema_migrations")[0m
  [1m[35m (74.8ms)[0m  CREATE UNIQUE INDEX "unique_schema_migrations" ON "schema_migrations" ("version")
  [1m[36m (0.1ms)[0m  [1mSELECT "schema_migrations"."version" FROM "schema_migrations" [0m
Migrating to DeviseCreateUsers (20120811001429)
  [1m[35m (0.1ms)[0m  begin transaction
  [1m[36m (0.8ms)[0m  [1mCREATE TABLE "users" ("id" INTEGER PRIMARY KEY AUTOINCREMENT NOT NULL, "email" varchar(255) DEFAULT '' NOT NULL, "encrypted_password" varchar(255) DEFAULT '' NOT NULL, "reset_password_token" varchar(255), "reset_password_sent_at" datetime, "remember_created_at" datetime, "sign_in_count" integer DEFAULT 0, "current_sign_in_at" datetime, "last_sign_in_at" datetime, "current_sign_in_ip" varchar(255), "last_sign_in_ip" varchar(255), "created_at" datetime NOT NULL, "updated_at" datetime NOT NULL) [0m
  [1m[35m (0.1ms)[0m  PRAGMA index_list("users")
  [1m[36m (0.5ms)[0m  [1mCREATE UNIQUE INDEX "index_users_on_email" ON "users" ("email")[0m
  [1m[35m (0.1ms)[0m  PRAGMA index_list("users")
  [1m[36m (0.1ms)[0m  [1mPRAGMA index_info('index_users_on_email')[0m
  [1m[35m (0.4ms)[0m  CREATE UNIQUE INDEX "index_users_on_reset_password_token" ON "users" ("reset_password_token")
  [1m[36m (0.2ms)[0m  [1mINSERT INTO "schema_migrations" ("version") VALUES ('20120811001429')[0m
  [1m[35m (100.4ms)[0m  commit transaction
  [1m[36m (0.1ms)[0m  [1mselect sqlite_version(*)[0m
  [1m[35m (0.1ms)[0m  SELECT "schema_migrations"."version" FROM "schema_migrations" 
  [1m[36m (0.0ms)[0m  [1mPRAGMA index_list("users")[0m
  [1m[35m (0.1ms)[0m  PRAGMA index_info('index_users_on_reset_password_token')
  [1m[36m (0.0ms)[0m  [1mPRAGMA index_info('index_users_on_email')[0m
Connecting to database specified by database.yml


Started GET "/users/sign_up" for 127.0.0.1 at Fri Aug 10 21:15:18 -0300 2012
Processing by Devise::RegistrationsController#new as HTML
  Rendered /var/lib/gems/1.8/gems/devise-2.1.2/app/views/devise/shared/_links.erb (3.7ms)
  Rendered /var/lib/gems/1.8/gems/devise-2.1.2/app/views/devise/registrations/new.html.erb within layouts/application (41.1ms)
Compiled application.css  (2ms)  (pid 12776)
Compiled jquery.js  (8ms)  (pid 12776)
Compiled jquery_ujs.js  (0ms)  (pid 12776)
Compiled application.js  (45ms)  (pid 12776)
Completed 200 OK in 247ms (Views: 175.8ms | ActiveRecord: 1.5ms)


Started GET "/assets/application.css?body=1" for 127.0.0.1 at Fri Aug 10 21:15:18 -0300 2012
Served asset /application.css - 200 OK (3ms)


Started GET "/assets/jquery.js?body=1" for 127.0.0.1 at Fri Aug 10 21:15:18 -0300 2012
Served asset /jquery.js - 200 OK (5ms)


Started GET "/assets/jquery_ujs.js?body=1" for 127.0.0.1 at Fri Aug 10 21:15:18 -0300 2012
Served asset /jquery_ujs.js - 200 OK (4ms)


Started GET "/assets/application.js?body=1" for 127.0.0.1 at Fri Aug 10 21:15:18 -0300 2012
Served asset /application.js - 200 OK (8ms)


Started GET "/users/" for 127.0.0.1 at Fri Aug 10 21:16:40 -0300 2012

ActionController::RoutingError (No route matches [GET] "/users"):
  actionpack (3.2.7) lib/action_dispatch/middleware/debug_exceptions.rb:21:in `call'
  actionpack (3.2.7) lib/action_dispatch/middleware/show_exceptions.rb:56:in `call'
  railties (3.2.7) lib/rails/rack/logger.rb:26:in `call_app'
  railties (3.2.7) lib/rails/rack/logger.rb:16:in `call'
  actionpack (3.2.7) lib/action_dispatch/middleware/request_id.rb:22:in `call'
  rack (1.4.1) lib/rack/methodoverride.rb:21:in `call'
  rack (1.4.1) lib/rack/runtime.rb:17:in `call'
  activesupport (3.2.7) lib/active_support/cache/strategy/local_cache.rb:72:in `call'
  rack (1.4.1) lib/rack/lock.rb:15:in `call'
  actionpack (3.2.7) lib/action_dispatch/middleware/static.rb:62:in `call'
  railties (3.2.7) lib/rails/engine.rb:479:in `call'
  railties (3.2.7) lib/rails/application.rb:220:in `call'
  rack (1.4.1) lib/rack/content_length.rb:14:in `call'
  railties (3.2.7) lib/rails/rack/log_tailer.rb:17:in `call'
  rack (1.4.1) lib/rack/handler/webrick.rb:59:in `service'
  /usr/lib/ruby/1.8/webrick/httpserver.rb:104:in `service'
  /usr/lib/ruby/1.8/webrick/httpserver.rb:65:in `run'
  /usr/lib/ruby/1.8/webrick/server.rb:173:in `start_thread'
  /usr/lib/ruby/1.8/webrick/server.rb:162:in `start'
  /usr/lib/ruby/1.8/webrick/server.rb:162:in `start_thread'
  /usr/lib/ruby/1.8/webrick/server.rb:95:in `start'
  /usr/lib/ruby/1.8/webrick/server.rb:92:in `each'
  /usr/lib/ruby/1.8/webrick/server.rb:92:in `start'
  /usr/lib/ruby/1.8/webrick/server.rb:23:in `start'
  /usr/lib/ruby/1.8/webrick/server.rb:82:in `start'
  rack (1.4.1) lib/rack/handler/webrick.rb:13:in `run'
  rack (1.4.1) lib/rack/server.rb:265:in `start'
  railties (3.2.7) lib/rails/commands/server.rb:70:in `start'
  railties (3.2.7) lib/rails/commands.rb:55
  railties (3.2.7) lib/rails/commands.rb:50:in `tap'
  railties (3.2.7) lib/rails/commands.rb:50
  script/rails:6:in `require'
  script/rails:6


  Rendered /var/lib/gems/1.8/gems/actionpack-3.2.7/lib/action_dispatch/middleware/templates/rescues/routing_error.erb within rescues/layout (0.6ms)


Started GET "/users/sign_in" for 127.0.0.1 at Fri Aug 10 21:16:47 -0300 2012
Processing by Devise::SessionsController#new as HTML
  Rendered /var/lib/gems/1.8/gems/devise-2.1.2/app/views/devise/shared/_links.erb (1.1ms)
  Rendered /var/lib/gems/1.8/gems/devise-2.1.2/app/views/devise/sessions/new.html.erb within layouts/application (6.2ms)
Completed 200 OK in 14ms (Views: 12.3ms | ActiveRecord: 0.0ms)


Started GET "/assets/jquery.js?body=1" for 127.0.0.1 at Fri Aug 10 21:16:48 -0300 2012
Served asset /jquery.js - 304 Not Modified (0ms)


Started GET "/users/sign_up" for 127.0.0.1 at Fri Aug 10 21:16:53 -0300 2012
Processing by Devise::RegistrationsController#new as HTML
  Rendered /var/lib/gems/1.8/gems/devise-2.1.2/app/views/devise/shared/_links.erb (0.5ms)
  Rendered /var/lib/gems/1.8/gems/devise-2.1.2/app/views/devise/registrations/new.html.erb within layouts/application (4.1ms)
Completed 200 OK in 10ms (Views: 8.7ms | ActiveRecord: 0.0ms)


Started GET "/assets/jquery.js?body=1" for 127.0.0.1 at Fri Aug 10 21:16:54 -0300 2012
Served asset /jquery.js - 304 Not Modified (0ms)
Connecting to database specified by database.yml
Connecting to database specified by database.yml
  [1m[36m (0.2ms)[0m  [1mbegin transaction[0m
